<?xml version="1.0" encoding="UTF-8"?>
<!-- Generated by org.testng.reporters.JUnitReportReporter -->
<testsuite hostname="LTIN198528" failures="0" tests="59" name="test_scenarios.UpcomingBikesTest" time="0.332" errors="1" timestamp="2024-03-03T15:14:51 IST" skipped="0">
  <testcase classname="test_scenarios.UpcomingBikesTest" name="naturalise" time="0.039">
    <error message="disconnected: not connected to DevTools
  (failed to check if window was closed: disconnected: not connected to DevTools)
  (Session info: chrome=120.0.6099.130)
Build info: version: &#039;4.16.1&#039;, revision: &#039;9b4c83354e&#039;
System info: os.name: &#039;Windows 11&#039;, os.arch: &#039;amd64&#039;, os.version: &#039;10.0&#039;, java.version: &#039;17.0.2&#039;
Driver info: org.openqa.selenium.chrome.ChromeDriver
Command: [8045f642adc009b2ef1cf259dd9b9549, get {url=https://www.zigwheels.com/}]
Capabilities {acceptInsecureCerts: false, browserName: chrome, browserVersion: 120.0.6099.130, chrome: {chromedriverVersion: 120.0.6099.109 (3419140ab66..., userDataDir: C:\Windows\SystemTemp\scope...}, fedcm:accounts: true, goog:chromeOptions: {debuggerAddress: localhost:61504}, networkConnectionEnabled: false, pageLoadStrategy: eager, platformName: windows, proxy: Proxy(), se:cdp: ws://localhost:61504/devtoo..., se:cdpVersion: 120.0.6099.130, setWindowRect: true, strictFileInteractability: false, timeouts: {implicit: 0, pageLoad: 300000, script: 30000}, unhandledPromptBehavior: dismiss and notify, webauthn:extension:credBlob: true, webauthn:extension:largeBlob: true, webauthn:extension:minPinLength: true, webauthn:extension:prf: true, webauthn:virtualAuthenticators: true}
Session ID: 8045f642adc009b2ef1cf259dd9b9549" type="org.openqa.selenium.WebDriverException">
      <![CDATA[org.openqa.selenium.WebDriverException: disconnected: not connected to DevTools
  (failed to check if window was closed: disconnected: not connected to DevTools)
  (Session info: chrome=120.0.6099.130)
Build info: version: '4.16.1', revision: '9b4c83354e'
System info: os.name: 'Windows 11', os.arch: 'amd64', os.version: '10.0', java.version: '17.0.2'
Driver info: org.openqa.selenium.chrome.ChromeDriver
Command: [8045f642adc009b2ef1cf259dd9b9549, get {url=https://www.zigwheels.com/}]
Capabilities {acceptInsecureCerts: false, browserName: chrome, browserVersion: 120.0.6099.130, chrome: {chromedriverVersion: 120.0.6099.109 (3419140ab66..., userDataDir: C:\Windows\SystemTemp\scope...}, fedcm:accounts: true, goog:chromeOptions: {debuggerAddress: localhost:61504}, networkConnectionEnabled: false, pageLoadStrategy: eager, platformName: windows, proxy: Proxy(), se:cdp: ws://localhost:61504/devtoo..., se:cdpVersion: 120.0.6099.130, setWindowRect: true, strictFileInteractability: false, timeouts: {implicit: 0, pageLoad: 300000, script: 30000}, unhandledPromptBehavior: dismiss and notify, webauthn:extension:credBlob: true, webauthn:extension:largeBlob: true, webauthn:extension:minPinLength: true, webauthn:extension:prf: true, webauthn:virtualAuthenticators: true}
Session ID: 8045f642adc009b2ef1cf259dd9b9549
at jdk.internal.reflect.GeneratedConstructorAccessor21.newInstance(Unknown Source)
at java.base/jdk.internal.reflect.DelegatingConstructorAccessorImpl.newInstance(DelegatingConstructorAccessorImpl.java:45)
at java.base/java.lang.reflect.Constructor.newInstanceWithCaller(Constructor.java:499)
at java.base/java.lang.reflect.Constructor.newInstance(Constructor.java:480)
at org.openqa.selenium.remote.codec.w3c.W3CHttpResponseCodec.createException(W3CHttpResponseCodec.java:200)
at org.openqa.selenium.remote.codec.w3c.W3CHttpResponseCodec.decode(W3CHttpResponseCodec.java:133)
at org.openqa.selenium.remote.codec.w3c.W3CHttpResponseCodec.decode(W3CHttpResponseCodec.java:52)
at org.openqa.selenium.remote.HttpCommandExecutor.execute(HttpCommandExecutor.java:191)
at org.openqa.selenium.remote.service.DriverCommandExecutor.invokeExecute(DriverCommandExecutor.java:200)
at org.openqa.selenium.remote.service.DriverCommandExecutor.execute(DriverCommandExecutor.java:175)
at org.openqa.selenium.remote.RemoteWebDriver.execute(RemoteWebDriver.java:523)
at org.openqa.selenium.remote.RemoteWebDriver.get(RemoteWebDriver.java:305)
at page_objects.HomePage.launch(HomePage.java:34)
at test_scenarios.UpcomingBikesTest.naturalise(UpcomingBikesTest.java:55)
at java.base/jdk.internal.reflect.NativeMethodAccessorImpl.invoke0(Native Method)
at java.base/jdk.internal.reflect.NativeMethodAccessorImpl.invoke(NativeMethodAccessorImpl.java:77)
at java.base/jdk.internal.reflect.DelegatingMethodAccessorImpl.invoke(DelegatingMethodAccessorImpl.java:43)
at java.base/java.lang.reflect.Method.invoke(Method.java:568)
at org.testng.internal.MethodInvocationHelper.invokeMethod(MethodInvocationHelper.java:133)
at org.testng.internal.MethodInvocationHelper.invokeMethodConsideringTimeout(MethodInvocationHelper.java:62)
at org.testng.internal.ConfigInvoker.invokeConfigurationMethod(ConfigInvoker.java:385)
at org.testng.internal.ConfigInvoker.invokeConfigurations(ConfigInvoker.java:321)
at org.testng.internal.TestMethodWorker.invokeAfterClassMethods(TestMethodWorker.java:217)
at org.testng.internal.TestMethodWorker.run(TestMethodWorker.java:130)
at java.base/java.util.ArrayList.forEach(ArrayList.java:1511)
at org.testng.TestRunner.privateRun(TestRunner.java:794)
at org.testng.TestRunner.run(TestRunner.java:596)
at org.testng.SuiteRunner.runTest(SuiteRunner.java:377)
at org.testng.SuiteRunner.runSequentially(SuiteRunner.java:371)
at org.testng.SuiteRunner.privateRun(SuiteRunner.java:332)
at org.testng.SuiteRunner.run(SuiteRunner.java:276)
at org.testng.SuiteRunnerWorker.runSuite(SuiteRunnerWorker.java:53)
at org.testng.SuiteRunnerWorker.run(SuiteRunnerWorker.java:96)
at org.testng.TestNG.runSuitesSequentially(TestNG.java:1212)
at org.testng.TestNG.runSuitesLocally(TestNG.java:1134)
at org.testng.TestNG.runSuites(TestNG.java:1063)
at org.testng.TestNG.run(TestNG.java:1031)
at org.testng.remote.AbstractRemoteTestNG.run(AbstractRemoteTestNG.java:115)
at org.testng.remote.RemoteTestNG.initAndRun(RemoteTestNG.java:251)
at org.testng.remote.RemoteTestNG.main(RemoteTestNG.java:77)
]]>
    </error>
  </testcase> <!-- naturalise -->
  <system-out/>
  <testcase classname="test_scenarios.UpcomingBikesTest" name="priceUnderTwoLakhTest" time="0.002"/>
  <system-out/>
  <testcase classname="test_scenarios.UpcomingBikesTest" name="priceUnderTwoLakhTest" time="0.002"/>
  <system-out/>
  <testcase classname="test_scenarios.UpcomingBikesTest" name="priceUnderTwoLakhTest" time="0.001"/>
  <system-out/>
  <testcase classname="test_scenarios.UpcomingBikesTest" name="priceUnderTwoLakhTest" time="0.004"/>
  <system-out/>
  <testcase classname="test_scenarios.UpcomingBikesTest" name="priceUnderTwoLakhTest" time="0.002"/>
  <system-out/>
  <testcase classname="test_scenarios.UpcomingBikesTest" name="priceUnderTwoLakhTest" time="0.003"/>
  <system-out/>
  <testcase classname="test_scenarios.UpcomingBikesTest" name="releaseInFuture" time="0.004"/>
  <system-out/>
  <testcase classname="test_scenarios.UpcomingBikesTest" name="releaseInFuture" time="0.004"/>
  <system-out/>
  <testcase classname="test_scenarios.UpcomingBikesTest" name="priceUnderTwoLakhTest" time="0.002"/>
  <system-out/>
  <testcase classname="test_scenarios.UpcomingBikesTest" name="priceUnderTwoLakhTest" time="0.042"/>
  <system-out/>
  <testcase classname="test_scenarios.UpcomingBikesTest" name="releaseInFuture" time="0.008"/>
  <system-out/>
  <testcase classname="test_scenarios.UpcomingBikesTest" name="releaseInFuture" time="0.004"/>
  <system-out/>
  <testcase classname="test_scenarios.UpcomingBikesTest" name="priceUnderTwoLakhTest" time="0.032"/>
  <system-out/>
  <testcase classname="test_scenarios.UpcomingBikesTest" name="releaseInFuture" time="0.007"/>
  <system-out/>
  <testcase classname="test_scenarios.UpcomingBikesTest" name="releaseInFuture" time="0.001"/>
  <system-out/>
  <testcase classname="test_scenarios.UpcomingBikesTest" name="priceUnderTwoLakhTest" time="0.002"/>
  <system-out/>
  <testcase classname="test_scenarios.UpcomingBikesTest" name="releaseInFuture" time="0.003"/>
  <system-out/>
  <testcase classname="test_scenarios.UpcomingBikesTest" name="releaseInFuture" time="0.003"/>
  <system-out/>
  <testcase classname="test_scenarios.UpcomingBikesTest" name="releaseInFuture" time="0.007"/>
  <system-out/>
  <testcase classname="test_scenarios.UpcomingBikesTest" name="priceUnderTwoLakhTest" time="0.003"/>
  <system-out/>
  <testcase classname="test_scenarios.UpcomingBikesTest" name="priceUnderTwoLakhTest" time="0.004"/>
  <system-out/>
  <testcase classname="test_scenarios.UpcomingBikesTest" name="releaseInFuture" time="0.003"/>
  <system-out/>
  <testcase classname="test_scenarios.UpcomingBikesTest" name="releaseInFuture" time="0.003"/>
  <system-out/>
  <testcase classname="test_scenarios.UpcomingBikesTest" name="releaseInFuture" time="0.003"/>
  <system-out/>
  <testcase classname="test_scenarios.UpcomingBikesTest" name="priceUnderTwoLakhTest" time="0.003"/>
  <system-out/>
  <testcase classname="test_scenarios.UpcomingBikesTest" name="priceUnderTwoLakhTest" time="0.002"/>
  <system-out/>
  <testcase classname="test_scenarios.UpcomingBikesTest" name="priceUnderTwoLakhTest" time="0.006"/>
  <system-out/>
  <testcase classname="test_scenarios.UpcomingBikesTest" name="releaseInFuture" time="0.003"/>
  <system-out/>
  <testcase classname="test_scenarios.UpcomingBikesTest" name="releaseInFuture" time="0.004"/>
  <system-out/>
  <testcase classname="test_scenarios.UpcomingBikesTest" name="priceUnderTwoLakhTest" time="0.002"/>
  <system-out/>
  <testcase classname="test_scenarios.UpcomingBikesTest" name="priceUnderTwoLakhTest" time="0.002"/>
  <system-out/>
  <testcase classname="test_scenarios.UpcomingBikesTest" name="releaseInFuture" time="0.004"/>
  <system-out/>
  <testcase classname="test_scenarios.UpcomingBikesTest" name="priceUnderTwoLakhTest" time="0.002"/>
  <system-out/>
  <testcase classname="test_scenarios.UpcomingBikesTest" name="releaseInFuture" time="0.003"/>
  <system-out/>
  <testcase classname="test_scenarios.UpcomingBikesTest" name="priceUnderTwoLakhTest" time="0.029"/>
  <system-out/>
  <testcase classname="test_scenarios.UpcomingBikesTest" name="priceUnderTwoLakhTest" time="0.002"/>
  <system-out/>
  <testcase classname="test_scenarios.UpcomingBikesTest" name="priceUnderTwoLakhTest" time="0.003"/>
  <system-out/>
  <testcase classname="test_scenarios.UpcomingBikesTest" name="priceUnderTwoLakhTest" time="0.002"/>
  <system-out/>
  <testcase classname="test_scenarios.UpcomingBikesTest" name="releaseInFuture" time="0.006"/>
  <system-out/>
  <testcase classname="test_scenarios.UpcomingBikesTest" name="releaseInFuture" time="0.002"/>
  <system-out/>
  <testcase classname="test_scenarios.UpcomingBikesTest" name="releaseInFuture" time="0.005"/>
  <system-out/>
  <testcase classname="test_scenarios.UpcomingBikesTest" name="releaseInFuture" time="0.002"/>
  <system-out/>
  <testcase classname="test_scenarios.UpcomingBikesTest" name="releaseInFuture" time="0.009"/>
  <system-out/>
  <testcase classname="test_scenarios.UpcomingBikesTest" name="priceUnderTwoLakhTest" time="0.002"/>
  <system-out/>
  <testcase classname="test_scenarios.UpcomingBikesTest" name="releaseInFuture" time="0.005"/>
  <system-out/>
  <testcase classname="test_scenarios.UpcomingBikesTest" name="releaseInFuture" time="0.009"/>
  <system-out/>
  <testcase classname="test_scenarios.UpcomingBikesTest" name="priceUnderTwoLakhTest" time="0.002"/>
  <system-out/>
  <testcase classname="test_scenarios.UpcomingBikesTest" name="priceUnderTwoLakhTest" time="0.002"/>
  <system-out/>
  <testcase classname="test_scenarios.UpcomingBikesTest" name="releaseInFuture" time="0.003"/>
  <system-out/>
  <testcase classname="test_scenarios.UpcomingBikesTest" name="releaseInFuture" time="0.008"/>
  <system-out/>
  <testcase classname="test_scenarios.UpcomingBikesTest" name="releaseInFuture" time="0.003"/>
  <system-out/>
  <testcase classname="test_scenarios.UpcomingBikesTest" name="priceUnderTwoLakhTest" time="0.003"/>
  <system-out/>
  <testcase classname="test_scenarios.UpcomingBikesTest" name="releaseInFuture" time="0.004"/>
  <system-out/>
  <testcase classname="test_scenarios.UpcomingBikesTest" name="priceUnderTwoLakhTest" time="0.003"/>
  <system-out/>
  <testcase classname="test_scenarios.UpcomingBikesTest" name="releaseInFuture" time="0.003"/>
  <system-out/>
  <testcase classname="test_scenarios.UpcomingBikesTest" name="releaseInFuture" time="0.002"/>
  <system-out/>
  <testcase classname="test_scenarios.UpcomingBikesTest" name="priceUnderTwoLakhTest" time="0.002"/>
  <system-out/>
  <testcase classname="test_scenarios.UpcomingBikesTest" name="priceUnderTwoLakhTest" time="0.002"/>
  <system-out/>
</testsuite> <!-- test_scenarios.UpcomingBikesTest -->
